#
# A fatal error has been detected by the Java Runtime Environment:
#
#  Internal Error (classFileParser.cpp:3494), pid=5632, tid=756
#  Error: ShouldNotReachHere()
#
# JRE version: 6.0_43-b01
# Java VM: Java HotSpot(TM) 64-Bit Server VM (20.14-b01 mixed mode windows-amd64 compressed oops)
# If you would like to submit a bug report, please visit:
#   http://java.sun.com/webapps/bugreport/crash.jsp
#

---------------  T H R E A D  ---------------

Current thread (0x000000000025b800):  JavaThread "Unknown thread" [_thread_in_vm, id=756, stack(0x0000000002550000,0x0000000002650000)]

Stack: [0x0000000002550000,0x0000000002650000]
[error occurred during error reporting (printing stack bounds), id 0xc0000005]


---------------  P R O C E S S  ---------------

Java Threads: ( => current thread )

Other Threads:

=>0x000000000025b800 (exited) JavaThread "Unknown thread" [_thread_in_vm, id=756, stack(0x0000000002550000,0x0000000002650000)]

VM state:not at safepoint (not fully initialized)

VM Mutex/Monitor currently owned by a thread: None

Dynamic libraries:
0x0000000000400000 - 0x000000000042f000 	D:\develop\Java\jre6\bin\javaw.exe
0x0000000077950000 - 0x0000000077af9000 	C:\windows\SYSTEM32\ntdll.dll
0x0000000077730000 - 0x000000007784f000 	C:\windows\system32\kernel32.dll
0x000007fefd9f0000 - 0x000007fefda5c000 	C:\windows\system32\KERNELBASE.dll
0x000007feff640000 - 0x000007feff71b000 	C:\windows\system32\ADVAPI32.dll
0x000007feff4f0000 - 0x000007feff58f000 	C:\windows\system32\msvcrt.dll
0x000007feff900000 - 0x000007feff91f000 	C:\windows\SYSTEM32\sechost.dll
0x000007fefde80000 - 0x000007fefdfad000 	C:\windows\system32\RPCRT4.dll
0x0000000077850000 - 0x000000007794a000 	C:\windows\system32\USER32.dll
0x000007fefdc70000 - 0x000007fefdcd7000 	C:\windows\system32\GDI32.dll
0x000007feff630000 - 0x000007feff63e000 	C:\windows\system32\LPK.dll
0x000007fefe630000 - 0x000007fefe6f9000 	C:\windows\system32\USP10.dll
0x000007fefddb0000 - 0x000007fefddde000 	C:\windows\system32\IMM32.DLL
0x000007fefe210000 - 0x000007fefe319000 	C:\windows\system32\MSCTF.dll
0x000000006d810000 - 0x000000006dfcc000 	D:\develop\Java\jre6\bin\server\jvm.dll
0x000007fefa930000 - 0x000007fefa96b000 	C:\windows\system32\WINMM.dll
0x000000006d780000 - 0x000000006d78e000 	D:\develop\Java\jre6\bin\verify.dll
0x000000006d3b0000 - 0x000000006d3d7000 	D:\develop\Java\jre6\bin\java.dll
0x000000006d7d0000 - 0x000000006d7e2000 	D:\develop\Java\jre6\bin\zip.dll
0x0000000077b20000 - 0x0000000077b27000 	C:\windows\system32\PSAPI.DLL

VM Arguments:
jvm_args: -Dfile.encoding=UTF-8 -Xbootclasspath:F:\android\android-sdk-windows\platforms\android-17\android.jar 
java_command: com.golfeven.firstGolf.common.StringUtils
Launcher Type: SUN_STANDARD

Environment Variables:
JAVA_HOME=D:\develop\Java\jdk1.6.0_43
CLASSPATH=.;D:\develop\Java\jdk1.6.0_43\lib\dt.jar;D:\develop\Java\jdk1.6.0_43\lib\tools.jar;
PATH=C:\Program Files (x86)\AMD APP\bin\x86_64;C:\Program Files (x86)\AMD APP\bin\x86;C:\Program Files (x86)\Intel\iCLS Client\;C:\Program Files\Intel\iCLS Client\;C:\windows\system32;C:\windows;C:\windows\System32\Wbem;C:\windows\System32\WindowsPowerShell\v1.0\;C:\Program Files\Intel\Intel(R) Management Engine Components\DAL;C:\Program Files\Intel\Intel(R) Management Engine Components\IPT;C:\Program Files (x86)\Intel\Intel(R) Management Engine Components\DAL;C:\Program Files (x86)\Intel\Intel(R) Management Engine Components\IPT;C:\Program Files (x86)\Intel\OpenCL SDK\1.5\bin\x86;C:\Program Files (x86)\Intel\OpenCL SDK\1.5\bin\x64;C:\Program Files (x86)\ATI Technologies\ATI.ACE\Core-Static;D:\develop\Java\jdk1.6.0_43\bin;D:\develop\Java\jdk1.6.0_43\jre\bin
USERNAME=Administrator
OS=Windows_NT
PROCESSOR_IDENTIFIER=Intel64 Family 6 Model 58 Stepping 9, GenuineIntel



---------------  S Y S T E M  ---------------

OS: Windows 7 , 64 bit Build 7601 Service Pack 1

CPU:total 8 (4 cores per cpu, 2 threads per core) family 6 model 58 stepping 9, cmov, cx8, fxsr, mmx, sse, sse2, sse3, ssse3, sse4.1, sse4.2, popcnt, ht

Memory: 4k page, physical 4158344k(1644260k free), swap 8314828k(5372868k free)

vm_info: Java HotSpot(TM) 64-Bit Server VM (20.14-b01) for windows-amd64 JRE (1.6.0_43-b01), built on Mar  1 2013 01:52:33 by "java_re" with MS VC++ 8.0 (VS2005)

time: Sun Jun 09 13:45:03 2013
elapsed time: 0 seconds

